[18:27:17] [Client thread/INFO]: Setting user: Player110
[18:27:20] [Client thread/INFO]: LWJGL Version: 2.9.1
[18:27:24] [Client thread/INFO]: Reloading ResourceManager: Default, FMLFileResourcePack:Forge Mod Loader, FMLFileResourcePack:Minecraft Forge, FMLFileResourcePack:UndercastMM
[18:27:25] [Sound Library Loader/INFO]: Starting up SoundSystem...
[18:27:25] [Thread-9/INFO]: Initializing LWJGL OpenAL
[18:27:25] [Thread-9/INFO]: (The LWJGL binding of OpenAL.  For more information, see http://www.lwjgl.org)
[18:27:25] [Thread-9/INFO]: OpenAL initialized.
[18:27:25] [Sound Library Loader/INFO]: Sound engine started
[18:27:28] [Client thread/INFO]: Created: 512x512 textures-atlas
[18:27:30] [Client thread/INFO]: Reloading ResourceManager: Default, FMLFileResourcePack:Forge Mod Loader, FMLFileResourcePack:Minecraft Forge, FMLFileResourcePack:UndercastMM
[18:27:30] [Client thread/INFO]: SoundSystem shutting down...
[18:27:30] [Client thread/WARN]: Author: Paul Lamb, www.paulscode.com
[18:27:30] [Sound Library Loader/INFO]: Starting up SoundSystem...
[18:27:30] [Thread-11/INFO]: Initializing LWJGL OpenAL
[18:27:30] [Thread-11/INFO]: (The LWJGL binding of OpenAL.  For more information, see http://www.lwjgl.org)
[18:27:30] [Thread-11/INFO]: OpenAL initialized.
[18:27:31] [Sound Library Loader/INFO]: Sound engine started
[18:27:33] [Client thread/INFO]: Created: 512x512 textures-atlas
[18:27:52] [Client thread/INFO]: Connecting to us.oc.tc, 25565
[18:28:02] [Client thread/INFO]: Stopping!
[18:28:02] [Client thread/INFO]: SoundSystem shutting down...
[18:28:02] [Client thread/WARN]: Author: Paul Lamb, www.paulscode.com
